<?xml version="1.0" encoding="UTF-8"?>
<testsuite xmlns:xsi="http://www.w3.org/2001/XMLSchema-instance" xsi:noNamespaceSchemaLocation="https://maven.apache.org/surefire/maven-surefire-plugin/xsd/surefire-test-report.xsd" name="com.example.CalculatorTest" time="0.146" tests="6" errors="0" skipped="0" failures="0">
  <properties>
[...]
</properties>
  <testcase name="testAdd" classname="com.example.CalculatorTest" time="0.02"/>
  <testcase name="testSubtract" classname="com.example.CalculatorTest" time="0"/>
  <testcase name="testFalse" classname="com.example.CalculatorTest" time="0"/>
  <testcase name="testNull" classname="com.example.CalculatorTest" time="0"/>
  <testcase name="testTrue" classname="com.example.CalculatorTest" time="0"/>
  <testcase name="testNotNull" classname="com.example.CalculatorTest" time="0"/>
</testsuite>